Using pre-set license
Built from '2021.3/staging' branch; Version is '2021.3.11f1 (0a5ca18544bf) revision 679073'; Using compiler version '192829333'; Build Type 'Release'
OS: 'Windows 10  (10.0.19045) 64bit Professional' Language: 'it' Physical Memory: 16348 MB
BatchMode: 1, IsHumanControllingUs: 0, StartBugReporterOnCrash: 0, Is64bit: 1, IsPro: 1

COMMAND LINE ARGUMENTS:
C:\Program Files\Unity\Hub\Editor\2021.3.11f1\Editor\Unity.exe
-adb2
-batchMode
-noUpm
-name
AssetImportWorker1
-projectPath
C:/Users/Utente/Desktop/GITHUB/Unity-escape/My project (3)
-logFile
Logs/AssetImportWorker1.log
-srvPort
54397
Successfully changed project path to: C:/Users/Utente/Desktop/GITHUB/Unity-escape/My project (3)
C:/Users/Utente/Desktop/GITHUB/Unity-escape/My project (3)
[UnityMemory] Configuration Parameters - Can be set up in boot.config
    "memorysetup-bucket-allocator-granularity=16"
    "memorysetup-bucket-allocator-bucket-count=8"
    "memorysetup-bucket-allocator-block-size=33554432"
    "memorysetup-bucket-allocator-block-count=8"
    "memorysetup-main-allocator-block-size=16777216"
    "memorysetup-thread-allocator-block-size=16777216"
    "memorysetup-gfx-main-allocator-block-size=16777216"
    "memorysetup-gfx-thread-allocator-block-size=16777216"
    "memorysetup-cache-allocator-block-size=4194304"
    "memorysetup-typetree-allocator-block-size=2097152"
    "memorysetup-profiler-bucket-allocator-granularity=16"
    "memorysetup-profiler-bucket-allocator-bucket-count=8"
    "memorysetup-profiler-bucket-allocator-block-size=33554432"
    "memorysetup-profiler-bucket-allocator-block-count=8"
    "memorysetup-profiler-allocator-block-size=16777216"
    "memorysetup-profiler-editor-allocator-block-size=1048576"
    "memorysetup-temp-allocator-size-main=16777216"
    "memorysetup-job-temp-allocator-block-size=2097152"
    "memorysetup-job-temp-allocator-block-size-background=1048576"
    "memorysetup-job-temp-allocator-reduction-small-platforms=262144"
    "memorysetup-temp-allocator-size-background-worker=32768"
    "memorysetup-temp-allocator-size-job-worker=262144"
    "memorysetup-temp-allocator-size-preload-manager=33554432"
    "memorysetup-temp-allocator-size-nav-mesh-worker=65536"
    "memorysetup-temp-allocator-size-audio-worker=65536"
    "memorysetup-temp-allocator-size-cloud-worker=32768"
    "memorysetup-temp-allocator-size-gi-baking-worker=262144"
    "memorysetup-temp-allocator-size-gfx=262144"
Refreshing native plugins compatible for Editor in 212.83 ms, found 3 plugins.
Preloading 0 native plugins for Editor in 0.00 ms.
Initialize engine version: 2021.3.11f1 (0a5ca18544bf)
[Subsystems] Discovering subsystems at path C:/Program Files/Unity/Hub/Editor/2021.3.11f1/Editor/Data/Resources/UnitySubsystems
[Subsystems] Discovering subsystems at path C:/Users/Utente/Desktop/GITHUB/Unity-escape/My project (3)/Assets
GfxDevice: creating device client; threaded=0; jobified=0
Direct3D:
    Version:  Direct3D 11.0 [level 11.0]
    Renderer: NVIDIA GeForce GT 730 (ID=0x1287)
    Vendor:   NVIDIA
    VRAM:     4052 MB
    Driver:   27.21.14.6192
Initialize mono
Mono path[0] = 'C:/Program Files/Unity/Hub/Editor/2021.3.11f1/Editor/Data/Managed'
Mono path[1] = 'C:/Program Files/Unity/Hub/Editor/2021.3.11f1/Editor/Data/MonoBleedingEdge/lib/mono/unityjit-win32'
Mono config path = 'C:/Program Files/Unity/Hub/Editor/2021.3.11f1/Editor/Data/MonoBleedingEdge/etc'
Using monoOptions --debugger-agent=transport=dt_socket,embedding=1,server=y,suspend=n,address=127.0.0.1:56916
Begin MonoManager ReloadAssembly
Registering precompiled unity dll's ...
Register platform support module: C:/Program Files/Unity/Hub/Editor/2021.3.11f1/Editor/Data/PlaybackEngines/AndroidPlayer/UnityEditor.Android.Extensions.dll
Register platform support module: C:/Program Files/Unity/Hub/Editor/2021.3.11f1/Editor/Data/PlaybackEngines/WindowsStandaloneSupport/UnityEditor.WindowsStandalone.Extensions.dll
Registered in 0.016793 seconds.
Native extension for WindowsStandalone target not found
Native extension for Android target not found
Refreshing native plugins compatible for Editor in 168.97 ms, found 3 plugins.
Preloading 0 native plugins for Editor in 0.00 ms.
Mono: successfully reloaded assembly
- Completed reload, in  1.489 seconds
Domain Reload Profiling:
	ReloadAssembly (1490ms)
		BeginReloadAssembly (126ms)
			ExecutionOrderSort (0ms)
			DisableScriptedObjects (0ms)
			BackupInstance (0ms)
			ReleaseScriptingObjects (0ms)
			CreateAndSetChildDomain (1ms)
		EndReloadAssembly (1156ms)
			LoadAssemblies (122ms)
			RebuildTransferFunctionScriptingTraits (0ms)
			SetupTypeCache (225ms)
			ReleaseScriptCaches (0ms)
			RebuildScriptCaches (63ms)
			SetupLoadedEditorAssemblies (752ms)
				LogAssemblyErrors (0ms)
				InitializePlatformSupportModulesInManaged (327ms)
				SetLoadedEditorAssemblies (0ms)
				RefreshPlugins (169ms)
				BeforeProcessingInitializeOnLoad (2ms)
				ProcessInitializeOnLoadAttributes (173ms)
				ProcessInitializeOnLoadMethodAttributes (80ms)
				AfterProcessingInitializeOnLoad (0ms)
				EditorAssembliesLoaded (0ms)
			ExecutionOrderSort2 (0ms)
			AwakeInstancesAfterBackupRestoration (0ms)
Platform modules already initialized, skipping
Registering precompiled user dll's ...
Registered in 0.012363 seconds.
Begin MonoManager ReloadAssembly
Symbol file LoadedFromMemory doesn't match image C:\Users\Utente\Desktop\GITHUB\Unity-escape\My project (3)\Library\PackageCache\com.unity.visualscripting@1.7.8\Editor\VisualScripting.Core\Dependencies\YamlDotNet\Unity.VisualScripting.YamlDotNet.dll
Symbol file LoadedFromMemory doesn't match image C:\Users\Utente\Desktop\GITHUB\Unity-escape\My project (3)\Library\PackageCache\com.unity.visualscripting@1.7.8\Editor\VisualScripting.Core\Dependencies\DotNetZip\Unity.VisualScripting.IonicZip.dll
Native extension for WindowsStandalone target not found
Native extension for Android target not found
Refreshing native plugins compatible for Editor in 1.10 ms, found 3 plugins.
Preloading 0 native plugins for Editor in 0.00 ms.
Mono: successfully reloaded assembly
- Completed reload, in  2.202 seconds
Domain Reload Profiling:
	ReloadAssembly (2203ms)
		BeginReloadAssembly (390ms)
			ExecutionOrderSort (0ms)
			DisableScriptedObjects (12ms)
			BackupInstance (0ms)
			ReleaseScriptingObjects (0ms)
			CreateAndSetChildDomain (135ms)
		EndReloadAssembly (1534ms)
			LoadAssemblies (238ms)
			RebuildTransferFunctionScriptingTraits (0ms)
			SetupTypeCache (507ms)
			ReleaseScriptCaches (1ms)
			RebuildScriptCaches (96ms)
			SetupLoadedEditorAssemblies (704ms)
				LogAssemblyErrors (0ms)
				InitializePlatformSupportModulesInManaged (27ms)
				SetLoadedEditorAssemblies (1ms)
				RefreshPlugins (1ms)
				BeforeProcessingInitializeOnLoad (161ms)
				ProcessInitializeOnLoadAttributes (443ms)
				ProcessInitializeOnLoadMethodAttributes (55ms)
				AfterProcessingInitializeOnLoad (15ms)
				EditorAssembliesLoaded (0ms)
			ExecutionOrderSort2 (0ms)
			AwakeInstancesAfterBackupRestoration (12ms)
Platform modules already initialized, skipping
========================================================================
Worker process is ready to serve import requests
Launched and connected shader compiler UnityShaderCompiler.exe after 0.07 seconds
Refreshing native plugins compatible for Editor in 2.91 ms, found 3 plugins.
Preloading 0 native plugins for Editor in 0.00 ms.
Unloading 3588 Unused Serialized files (Serialized files now loaded: 0)
Unloading 59 unused Assets / (506.9 KB). Loaded Objects now: 4023.
Memory consumption went from 127.9 MB to 127.4 MB.
Total: 5.368100 ms (FindLiveObjects: 0.452900 ms CreateObjectMapping: 0.193100 ms MarkObjects: 4.099600 ms  DeleteObjects: 0.620600 ms)

AssetImportParameters requested are different than current active one (requested -> active):
  custom:video-decoder-ogg-theora: a1e56fd34408186e4bbccfd4996cb3dc -> 
  custom:container-muxer-webm: aa71ff27fc2769a1b78a27578f13a17b -> 
  custom:container-demuxer-webm: 4f35f7cbe854078d1ac9338744f61a02 -> 
  custom:video-encoder-webm-vp8: eb34c28f22e8b96e1ab97ce403110664 -> 
  custom:audio-encoder-webm-vorbis: bf7c407c2cedff20999df2af8eb42d56 -> 
  custom:framework-win-MediaFoundation: 216162199b28c13a410421893ffa2e32 -> 
  custom:container-demuxer-ogg: 62fdf1f143b41e24485cea50d1cbac27 -> 
  custom:video-decoder-webm-vp8: 9c59270c3fd7afecdb556c50c9e8de78 -> 
  custom:audio-decoder-ogg-vorbis: bf7c407c2cedff20999df2af8eb42d56 -> 
========================================================================
Received Import Request.
  Time since last request: 1804.260795 seconds.
  path: Assets/Asset/JJ_InteriorDoorPack_V1/Meshes/intDoor_knob01.fbx
  artifactKey: Guid(7f64fa277f063764fa867c869ab08563) Importer(815301076,1909f56bfc062723c751e8b465ee728b)
Start importing Assets/Asset/JJ_InteriorDoorPack_V1/Meshes/intDoor_knob01.fbx using Guid(7f64fa277f063764fa867c869ab08563) Importer(815301076,1909f56bfc062723c751e8b465ee728b)  -> (artifact id: 'ec757c6b45025d80b5ac237c65b990c5') in 0.307633 seconds 
========================================================================
Received Import Request.
  Time since last request: 0.000028 seconds.
  path: Assets/Asset/LowPolyOfficeProps_LITE/Meshes/Briefcase.fbx
  artifactKey: Guid(fc010527ef171d14385afc57bd308878) Importer(815301076,1909f56bfc062723c751e8b465ee728b)
Start importing Assets/Asset/LowPolyOfficeProps_LITE/Meshes/Briefcase.fbx using Guid(fc010527ef171d14385afc57bd308878) Importer(815301076,1909f56bfc062723c751e8b465ee728b)  -> (artifact id: 'b77896d45ffd6f8d0b85ff498368374b') in 0.035266 seconds 
========================================================================
Received Import Request.
  Time since last request: 0.000039 seconds.
  path: Assets/Asset/LowPolyOfficeProps_LITE/Meshes/Umbrella_Closed.fbx
  artifactKey: Guid(eaaaf3cbcaaa10740ac9240fada764a4) Importer(815301076,1909f56bfc062723c751e8b465ee728b)
Start importing Assets/Asset/LowPolyOfficeProps_LITE/Meshes/Umbrella_Closed.fbx using Guid(eaaaf3cbcaaa10740ac9240fada764a4) Importer(815301076,1909f56bfc062723c751e8b465ee728b)  -> (artifact id: 'c1e68aab6d1bf29369ba5b5ac85abef8') in 0.037917 seconds 
========================================================================
Received Import Request.
  Time since last request: 0.000026 seconds.
  path: Assets/Asset/JJ_InteriorDoorPack_V1/Meshes/intDoor_metalFrame.fbx
  artifactKey: Guid(a15ab0fb95184604fbcff36e6621610a) Importer(815301076,1909f56bfc062723c751e8b465ee728b)
Start importing Assets/Asset/JJ_InteriorDoorPack_V1/Meshes/intDoor_metalFrame.fbx using Guid(a15ab0fb95184604fbcff36e6621610a) Importer(815301076,1909f56bfc062723c751e8b465ee728b)  -> (artifact id: 'cfbee590a8da8a95a17bb18cae5da34f') in 0.712975 seconds 
========================================================================
Received Import Request.
  Time since last request: 0.000034 seconds.
  path: Assets/Asset/Pictures/Mesh/Picture(2).FBX
  artifactKey: Guid(21d045583fffaf145991af193ed30157) Importer(815301076,1909f56bfc062723c751e8b465ee728b)
Start importing Assets/Asset/Pictures/Mesh/Picture(2).FBX using Guid(21d045583fffaf145991af193ed30157) Importer(815301076,1909f56bfc062723c751e8b465ee728b)  -> (artifact id: 'd1bc553fe717a4d0cb9019a2c4de17a0') in 0.092936 seconds 
========================================================================
Received Import Request.
  Time since last request: 0.000806 seconds.
  path: Assets/Asset/money stack bunker1/leather-and-gold-suitcase/source/koffer.fbx
  artifactKey: Guid(3b16dacd6f923f24f836037b080f056d) Importer(815301076,1909f56bfc062723c751e8b465ee728b)
Start importing Assets/Asset/money stack bunker1/leather-and-gold-suitcase/source/koffer.fbx using Guid(3b16dacd6f923f24f836037b080f056d) Importer(815301076,1909f56bfc062723c751e8b465ee728b)  -> (artifact id: '088e7e45b5c8d6ab484a5be7d9681407') in 0.120039 seconds 
========================================================================
Received Import Request.
  Time since last request: 0.000026 seconds.
  path: Assets/Asset/Bunker.fbx
  artifactKey: Guid(4cdf6700b3aeac54f8d73c17f1c27ed3) Importer(815301076,1909f56bfc062723c751e8b465ee728b)
Start importing Assets/Asset/Bunker.fbx using Guid(4cdf6700b3aeac54f8d73c17f1c27ed3) Importer(815301076,1909f56bfc062723c751e8b465ee728b)  -> (artifact id: '82f17c8c705697a74bb3dd74df2f06f1') in 0.056108 seconds 
========================================================================
Received Import Request.
  Time since last request: 0.000029 seconds.
  path: Assets/Asset/bunkeruffic.fbx
  artifactKey: Guid(86fa697041379424e8b344a2bc851819) Importer(815301076,1909f56bfc062723c751e8b465ee728b)
Start importing Assets/Asset/bunkeruffic.fbx using Guid(86fa697041379424e8b344a2bc851819) Importer(815301076,1909f56bfc062723c751e8b465ee728b)  -> (artifact id: '0b15702f264f6f5db70ca341e5ff1ae9') in 0.076164 seconds 
========================================================================
Received Import Request.
  Time since last request: 0.000036 seconds.
  path: Assets/Asset/money stack bunker1/gangster-tommy-gun/source/Gangster tommy gun.fbx
  artifactKey: Guid(bb00ee5e6d68a884cba2d49ce1c0d2c5) Importer(815301076,1909f56bfc062723c751e8b465ee728b)
Start importing Assets/Asset/money stack bunker1/gangster-tommy-gun/source/Gangster tommy gun.fbx using Guid(bb00ee5e6d68a884cba2d49ce1c0d2c5) Importer(815301076,1909f56bfc062723c751e8b465ee728b)  -> (artifact id: '1ba494162184b9dc0f86ee261df8d161') in 0.034834 seconds 
========================================================================
Received Import Request.
  Time since last request: 0.000047 seconds.
  path: Assets/Asset/models/filing-cabinet-empty.fbx
  artifactKey: Guid(8912be031cfa0334a9966e74865280b8) Importer(815301076,1909f56bfc062723c751e8b465ee728b)
Start importing Assets/Asset/models/filing-cabinet-empty.fbx using Guid(8912be031cfa0334a9966e74865280b8) Importer(815301076,1909f56bfc062723c751e8b465ee728b)  -> (artifact id: 'ec6fe3ecd940434dd582d11cc0135f92') in 0.175073 seconds 
========================================================================
Received Import Request.
  Time since last request: 0.000179 seconds.
  path: Assets/Asset/LowPolyOfficeProps_LITE/Meshes/Laptop_On.fbx
  artifactKey: Guid(76baa3562988f574695af0616b6c927d) Importer(815301076,1909f56bfc062723c751e8b465ee728b)
Start importing Assets/Asset/LowPolyOfficeProps_LITE/Meshes/Laptop_On.fbx using Guid(76baa3562988f574695af0616b6c927d) Importer(815301076,1909f56bfc062723c751e8b465ee728b)  -> (artifact id: '43f8b30e2fbffa251b98f6765b028192') in 0.030225 seconds 
========================================================================
Received Import Request.
  Time since last request: 0.000047 seconds.
  path: Assets/Asset/money stack bunker1/suitcase-full-of-money-suitcasechallenge/source/Vintage_Suitcase_LP.obj
  artifactKey: Guid(05b5d1d652ef6344791fb1bc270749ef) Importer(815301076,1909f56bfc062723c751e8b465ee728b)
Start importing Assets/Asset/money stack bunker1/suitcase-full-of-money-suitcasechallenge/source/Vintage_Suitcase_LP.obj using Guid(05b5d1d652ef6344791fb1bc270749ef) Importer(815301076,1909f56bfc062723c751e8b465ee728b)  -> (artifact id: '82e316ccbf2847f5cc3329fb6877aa8e') in 0.047681 seconds 
========================================================================
Received Import Request.
  Time since last request: 0.000043 seconds.
  path: Assets/Asset/model/model.dae
  artifactKey: Guid(9f95606e0645b2a489301da43fd7d2ee) Importer(815301076,1909f56bfc062723c751e8b465ee728b)
Start importing Assets/Asset/model/model.dae using Guid(9f95606e0645b2a489301da43fd7d2ee) Importer(815301076,1909f56bfc062723c751e8b465ee728b)  -> (artifact id: '9bc7e056dfc434a49863a4dc0312f47a') in 0.070550 seconds 
========================================================================
Received Import Request.
  Time since last request: 0.000069 seconds.
  path: Assets/Asset/LowPolyOfficeProps_LITE/Meshes/Tablet.fbx
  artifactKey: Guid(b0e785b24d3dc2f46a3981184474a24e) Importer(815301076,1909f56bfc062723c751e8b465ee728b)
Start importing Assets/Asset/LowPolyOfficeProps_LITE/Meshes/Tablet.fbx using Guid(b0e785b24d3dc2f46a3981184474a24e) Importer(815301076,1909f56bfc062723c751e8b465ee728b)  -> (artifact id: '3122a172b830b12802396c94ea164ace') in 0.026492 seconds 
========================================================================
Received Import Request.
  Time since last request: 0.000034 seconds.
  path: Assets/Asset/Ch31_nonPBR@Dice Idle.fbx
  artifactKey: Guid(72f5bb47fceac344994a44e3bd0bbc22) Importer(815301076,1909f56bfc062723c751e8b465ee728b)
Start importing Assets/Asset/Ch31_nonPBR@Dice Idle.fbx using Guid(72f5bb47fceac344994a44e3bd0bbc22) Importer(815301076,1909f56bfc062723c751e8b465ee728b)  -> (artifact id: 'd14a38fcc445507a00bad36faffa98ee') in 0.200104 seconds 
========================================================================
Received Import Request.
  Time since last request: 0.000039 seconds.
  path: Assets/Asset/LowPolyOfficeProps_LITE/Meshes/Laptop_Closed.fbx
  artifactKey: Guid(c9a6799bba6d13d429bb5834ff47aeb6) Importer(815301076,1909f56bfc062723c751e8b465ee728b)
Start importing Assets/Asset/LowPolyOfficeProps_LITE/Meshes/Laptop_Closed.fbx using Guid(c9a6799bba6d13d429bb5834ff47aeb6) Importer(815301076,1909f56bfc062723c751e8b465ee728b)  -> (artifact id: '2c6f0c28f8e3cfa5322ffb2ae02a9569') in 0.030276 seconds 
========================================================================
Received Import Request.
  Time since last request: 0.000044 seconds.
  path: Assets/Asset/cobwebs-asset-pack/source/Test 1.obj
  artifactKey: Guid(2ab7e825e6cdba9488c18c6a1622e0a2) Importer(815301076,1909f56bfc062723c751e8b465ee728b)
Start importing Assets/Asset/cobwebs-asset-pack/source/Test 1.obj using Guid(2ab7e825e6cdba9488c18c6a1622e0a2) Importer(815301076,1909f56bfc062723c751e8b465ee728b)  -> (artifact id: 'a3461a77f56d3884b1ad516ca29ba4bc') in 0.430035 seconds 
========================================================================
Received Import Request.
  Time since last request: 0.000030 seconds.
  path: Assets/Asset/Laterns and candles/Meshes/Latern3.fbx
  artifactKey: Guid(c124bcb1a14e7054b8c99e402a20ee07) Importer(815301076,1909f56bfc062723c751e8b465ee728b)
Start importing Assets/Asset/Laterns and candles/Meshes/Latern3.fbx using Guid(c124bcb1a14e7054b8c99e402a20ee07) Importer(815301076,1909f56bfc062723c751e8b465ee728b)  -> (artifact id: '1396b6ab084c96328fe9b019c3970a76') in 0.195102 seconds 
========================================================================
Received Import Request.
  Time since last request: 0.000044 seconds.
  path: Assets/Asset/PBR Table/_Models/PBR_Table.fbx
  artifactKey: Guid(a28068c718c3c144c90420aa97cf5f61) Importer(815301076,1909f56bfc062723c751e8b465ee728b)
Start importing Assets/Asset/PBR Table/_Models/PBR_Table.fbx using Guid(a28068c718c3c144c90420aa97cf5f61) Importer(815301076,1909f56bfc062723c751e8b465ee728b)  -> (artifact id: 'ca8e6586a4f1a0728723707385c0d366') in 0.226668 seconds 
========================================================================
Received Import Request.
  Time since last request: 0.000034 seconds.
  path: Assets/Asset/Flashlight/Misc/Flashlight.FBX
  artifactKey: Guid(9a3b57f0a1248be419dd9c4d54748512) Importer(815301076,1909f56bfc062723c751e8b465ee728b)
Start importing Assets/Asset/Flashlight/Misc/Flashlight.FBX using Guid(9a3b57f0a1248be419dd9c4d54748512) Importer(815301076,1909f56bfc062723c751e8b465ee728b)  -> (artifact id: 'fca2a18e6047264f0e4968f6689cd990') in 0.045941 seconds 
========================================================================
Received Import Request.
  Time since last request: 0.000043 seconds.
  path: Assets/Asset/Laterns and candles/Meshes/ceiling chain.fbx
  artifactKey: Guid(d119f9920a8205b45b1e51485a2163a5) Importer(815301076,1909f56bfc062723c751e8b465ee728b)
Start importing Assets/Asset/Laterns and candles/Meshes/ceiling chain.fbx using Guid(d119f9920a8205b45b1e51485a2163a5) Importer(815301076,1909f56bfc062723c751e8b465ee728b)  -> (artifact id: 'ebe1f13c3a2eda10c1a048b28653a1d6') in 0.418417 seconds 
========================================================================
Received Import Request.
  Time since last request: 0.000034 seconds.
  path: Assets/Asset/models/desk.fbx
  artifactKey: Guid(69698e2a0173c5d43bc2a3cedb91cbb5) Importer(815301076,1909f56bfc062723c751e8b465ee728b)
Start importing Assets/Asset/models/desk.fbx using Guid(69698e2a0173c5d43bc2a3cedb91cbb5) Importer(815301076,1909f56bfc062723c751e8b465ee728b)  -> (artifact id: '52ea72f675e13507a3894bc19bfde3b4') in 0.624397 seconds 
========================================================================
Received Import Request.
  Time since last request: 0.000050 seconds.
  path: Assets/Asset/fusil-ak-74/source/AR01_StageB.obj
  artifactKey: Guid(e6dc76b972ea1114897988d44cd916f8) Importer(815301076,1909f56bfc062723c751e8b465ee728b)
Start importing Assets/Asset/fusil-ak-74/source/AR01_StageB.obj using Guid(e6dc76b972ea1114897988d44cd916f8) Importer(815301076,1909f56bfc062723c751e8b465ee728b)  -> (artifact id: 'aa09f0d0f8b8afc80b9cce9530c2c054') in 0.048087 seconds 
========================================================================
Received Import Request.
  Time since last request: 0.000031 seconds.
  path: Assets/Asset/LowPolyOfficeProps_LITE/Meshes/Pen.fbx
  artifactKey: Guid(7198252c898cd824293c4ce71e0b3d6d) Importer(815301076,1909f56bfc062723c751e8b465ee728b)
Start importing Assets/Asset/LowPolyOfficeProps_LITE/Meshes/Pen.fbx using Guid(7198252c898cd824293c4ce71e0b3d6d) Importer(815301076,1909f56bfc062723c751e8b465ee728b)  -> (artifact id: 'a4bb27448a52bffe60be17c9f1fba043') in 0.053956 seconds 
========================================================================
Received Import Request.
  Time since last request: 0.008505 seconds.
  path: Assets/Asset/Pictures/Mesh/Picture(1).FBX
  artifactKey: Guid(897c51fb908f3c8448701dfb3aeb9879) Importer(815301076,1909f56bfc062723c751e8b465ee728b)
Start importing Assets/Asset/Pictures/Mesh/Picture(1).FBX using Guid(897c51fb908f3c8448701dfb3aeb9879) Importer(815301076,1909f56bfc062723c751e8b465ee728b)  -> (artifact id: 'e7af36e41cb7c70be9becb395a482f33') in 0.056302 seconds 
========================================================================
Received Import Request.
  Time since last request: 0.000043 seconds.
  path: Assets/Asset/Wooden Chairs/Models/Meshes/Chair_01.fbx
  artifactKey: Guid(1ced00ddfad961340ac324ea6e4e02ac) Importer(815301076,1909f56bfc062723c751e8b465ee728b)
Start importing Assets/Asset/Wooden Chairs/Models/Meshes/Chair_01.fbx using Guid(1ced00ddfad961340ac324ea6e4e02ac) Importer(815301076,1909f56bfc062723c751e8b465ee728b)  -> (artifact id: 'f6f371e1f23b15555706e7489ca36d20') in 0.244711 seconds 
========================================================================
Received Prepare
Registering precompiled user dll's ...
Registered in 0.010912 seconds.
Begin MonoManager ReloadAssembly
IOException: Sharing violation on path C:\Users\Utente\Desktop\GITHUB\Unity-escape\My project (3)\ProjectSettings\Packages\com.unity.testtools.codecoverage\Settings.json
  at System.IO.FileStream..ctor (System.String path, System.IO.FileMode mode, System.IO.FileAccess access, System.IO.FileShare share, System.Int32 bufferSize, System.Boolean anonymous, System.IO.FileOptions options) [0x0019e] in <9aad1b3a47484d63ba2b3985692d80e9>:0 
  at System.IO.FileStream..ctor (System.String path, System.IO.FileMode mode, System.IO.FileAccess access, System.IO.FileShare share, System.Int32 bufferSize, System.IO.FileOptions options) [0x00000] in <9aad1b3a47484d63ba2b3985692d80e9>:0 
  at (wrapper remoting-invoke-with-check) System.IO.FileStream..ctor(string,System.IO.FileMode,System.IO.FileAccess,System.IO.FileShare,int,System.IO.FileOptions)
  at System.IO.StreamWriter..ctor (System.String path, System.Boolean append, System.Text.Encoding encoding, System.Int32 bufferSize) [0x00055] in <9aad1b3a47484d63ba2b3985692d80e9>:0 
  at System.IO.StreamWriter..ctor (System.String path) [0x00008] in <9aad1b3a47484d63ba2b3985692d80e9>:0 
  at (wrapper remoting-invoke-with-check) System.IO.StreamWriter..ctor(string)
  at System.IO.File.WriteAllText (System.String path, System.String contents) [0x00026] in <9aad1b3a47484d63ba2b3985692d80e9>:0 
  at UnityEditor.SettingsManagement.PackageSettingsRepository.Save () [0x00070] in C:\Users\Utente\Desktop\GITHUB\Unity-escape\My project (3)\Library\PackageCache\com.unity.settings-manager@1.0.3\Editor\PackageSettingsRepository.cs:144 
  at UnityEditor.AssemblyReloadEvents.OnBeforeAssemblyReload () [0x00017] in <4e64905d831f4883a53259ef37fb023b>:0 

(Filename: Library/PackageCache/com.unity.settings-manager@1.0.3/Editor/PackageSettingsRepository.cs Line: 144)

Symbol file LoadedFromMemory doesn't match image C:\Users\Utente\Desktop\GITHUB\Unity-escape\My project (3)\Library\PackageCache\com.unity.visualscripting@1.7.8\Editor\VisualScripting.Core\Dependencies\YamlDotNet\Unity.VisualScripting.YamlDotNet.dll
Symbol file LoadedFromMemory doesn't match image C:\Users\Utente\Desktop\GITHUB\Unity-escape\My project (3)\Library\PackageCache\com.unity.visualscripting@1.7.8\Editor\VisualScripting.Core\Dependencies\DotNetZip\Unity.VisualScripting.IonicZip.dll
Native extension for WindowsStandalone target not found
Native extension for Android target not found
Refreshing native plugins compatible for Editor in 3.18 ms, found 3 plugins.
Preloading 0 native plugins for Editor in 0.00 ms.
Mono: successfully reloaded assembly
- Completed reload, in  1.877 seconds
Domain Reload Profiling:
	ReloadAssembly (1878ms)
		BeginReloadAssembly (226ms)
			ExecutionOrderSort (0ms)
			DisableScriptedObjects (7ms)
			BackupInstance (0ms)
			ReleaseScriptingObjects (0ms)
			CreateAndSetChildDomain (59ms)
		EndReloadAssembly (1480ms)
			LoadAssemblies (159ms)
			RebuildTransferFunctionScriptingTraits (0ms)
			SetupTypeCache (494ms)
			ReleaseScriptCaches (2ms)
			RebuildScriptCaches (73ms)
			SetupLoadedEditorAssemblies (658ms)
				LogAssemblyErrors (0ms)
				InitializePlatformSupportModulesInManaged (42ms)
				SetLoadedEditorAssemblies (1ms)
				RefreshPlugins (3ms)
				BeforeProcessingInitializeOnLoad (135ms)
				ProcessInitializeOnLoadAttributes (403ms)
				ProcessInitializeOnLoadMethodAttributes (57ms)
				AfterProcessingInitializeOnLoad (17ms)
				EditorAssembliesLoaded (0ms)
			ExecutionOrderSort2 (0ms)
			AwakeInstancesAfterBackupRestoration (11ms)
Platform modules already initialized, skipping
Refreshing native plugins compatible for Editor in 8.06 ms, found 3 plugins.
Preloading 0 native plugins for Editor in 0.00 ms.
Unloading 3577 Unused Serialized files (Serialized files now loaded: 0)
Unloading 52 unused Assets / (474.0 KB). Loaded Objects now: 4073.
Memory consumption went from 144.9 MB to 144.4 MB.
Total: 5.449600 ms (FindLiveObjects: 0.334300 ms CreateObjectMapping: 0.164800 ms MarkObjects: 4.563700 ms  DeleteObjects: 0.384700 ms)

AssetImportParameters requested are different than current active one (requested -> active):
  custom:video-decoder-ogg-theora: a1e56fd34408186e4bbccfd4996cb3dc -> 
  custom:container-muxer-webm: aa71ff27fc2769a1b78a27578f13a17b -> 
  custom:container-demuxer-webm: 4f35f7cbe854078d1ac9338744f61a02 -> 
  custom:video-encoder-webm-vp8: eb34c28f22e8b96e1ab97ce403110664 -> 
  custom:audio-encoder-webm-vorbis: bf7c407c2cedff20999df2af8eb42d56 -> 
  custom:framework-win-MediaFoundation: 216162199b28c13a410421893ffa2e32 -> 
  custom:container-demuxer-ogg: 62fdf1f143b41e24485cea50d1cbac27 -> 
  custom:video-decoder-webm-vp8: 9c59270c3fd7afecdb556c50c9e8de78 -> 
  custom:audio-decoder-ogg-vorbis: bf7c407c2cedff20999df2af8eb42d56 -> 
========================================================================
Received Prepare
Registering precompiled user dll's ...
Registered in 0.013157 seconds.
Begin MonoManager ReloadAssembly
Symbol file LoadedFromMemory doesn't match image C:\Users\Utente\Desktop\GITHUB\Unity-escape\My project (3)\Library\PackageCache\com.unity.visualscripting@1.7.8\Editor\VisualScripting.Core\Dependencies\YamlDotNet\Unity.VisualScripting.YamlDotNet.dll
Symbol file LoadedFromMemory doesn't match image C:\Users\Utente\Desktop\GITHUB\Unity-escape\My project (3)\Library\PackageCache\com.unity.visualscripting@1.7.8\Editor\VisualScripting.Core\Dependencies\DotNetZip\Unity.VisualScripting.IonicZip.dll
Native extension for WindowsStandalone target not found
Native extension for Android target not found
Refreshing native plugins compatible for Editor in 1.14 ms, found 3 plugins.
Preloading 0 native plugins for Editor in 0.00 ms.
Mono: successfully reloaded assembly
- Completed reload, in  1.703 seconds
Domain Reload Profiling:
	ReloadAssembly (1704ms)
		BeginReloadAssembly (204ms)
			ExecutionOrderSort (0ms)
			DisableScriptedObjects (10ms)
			BackupInstance (0ms)
			ReleaseScriptingObjects (0ms)
			CreateAndSetChildDomain (50ms)
		EndReloadAssembly (1321ms)
			LoadAssemblies (134ms)
			RebuildTransferFunctionScriptingTraits (0ms)
			SetupTypeCache (461ms)
			ReleaseScriptCaches (2ms)
			RebuildScriptCaches (67ms)
			SetupLoadedEditorAssemblies (583ms)
				LogAssemblyErrors (0ms)
				InitializePlatformSupportModulesInManaged (38ms)
				SetLoadedEditorAssemblies (1ms)
				RefreshPlugins (1ms)
				BeforeProcessingInitializeOnLoad (124ms)
				ProcessInitializeOnLoadAttributes (353ms)
				ProcessInitializeOnLoadMethodAttributes (52ms)
				AfterProcessingInitializeOnLoad (14ms)
				EditorAssembliesLoaded (0ms)
			ExecutionOrderSort2 (0ms)
			AwakeInstancesAfterBackupRestoration (10ms)
Platform modules already initialized, skipping
Refreshing native plugins compatible for Editor in 7.91 ms, found 3 plugins.
Preloading 0 native plugins for Editor in 0.00 ms.
Unloading 3577 Unused Serialized files (Serialized files now loaded: 0)
Unloading 52 unused Assets / (474.2 KB). Loaded Objects now: 4076.
Memory consumption went from 144.9 MB to 144.4 MB.
Total: 4.314200 ms (FindLiveObjects: 0.326700 ms CreateObjectMapping: 0.144300 ms MarkObjects: 3.463200 ms  DeleteObjects: 0.378000 ms)

AssetImportParameters requested are different than current active one (requested -> active):
  custom:video-decoder-ogg-theora: a1e56fd34408186e4bbccfd4996cb3dc -> 
  custom:container-muxer-webm: aa71ff27fc2769a1b78a27578f13a17b -> 
  custom:container-demuxer-webm: 4f35f7cbe854078d1ac9338744f61a02 -> 
  custom:video-encoder-webm-vp8: eb34c28f22e8b96e1ab97ce403110664 -> 
  custom:audio-encoder-webm-vorbis: bf7c407c2cedff20999df2af8eb42d56 -> 
  custom:framework-win-MediaFoundation: 216162199b28c13a410421893ffa2e32 -> 
  custom:container-demuxer-ogg: 62fdf1f143b41e24485cea50d1cbac27 -> 
  custom:video-decoder-webm-vp8: 9c59270c3fd7afecdb556c50c9e8de78 -> 
  custom:audio-decoder-ogg-vorbis: bf7c407c2cedff20999df2af8eb42d56 -> 
